<?xml version="1.0" encoding="UTF-8"?>
<!-- Generated by org.testng.reporters.JUnitReportReporter -->
<testsuite hostname="Ashok" failures="0" tests="1" name="com.eBay.UKeBayAcc" time="8.826" errors="0" timestamp="2022-02-17T11:10:01 IST" skipped="0">
  <testcase classname="com.eBay.UKeBayAcc" name="eBayUK" time="8.826"/>
  <system-out/>
</testsuite> <!-- com.eBay.UKeBayAcc -->
