<?xml version="1.0" encoding="UTF-8"?>
<!-- Generated by org.testng.reporters.JUnitReportReporter -->
<testsuite hostname="Ashok" failures="0" tests="2" name="com.eBay.test.EBayTest" time="1.786" errors="0" timestamp="2022-02-15T10:49:22 IST" skipped="0">
  <testcase classname="com.eBay.test.EBayTest" name="openBrowser" time="1.785"/>
  <system-out/>
  <testcase classname="com.eBay.test.EBayTest" name="eBayTest" time="0.001"/>
  <system-out/>
</testsuite> <!-- com.eBay.test.EBayTest -->
