<?xml version="1.0" encoding="UTF-8"?>
<!-- Generated by org.testng.reporters.JUnitReportReporter -->
<testsuite hostname="Ashok" failures="0" tests="1" name="com.eBay.TesteBay" time="14.140" errors="0" timestamp="2022-02-15T11:53:12 IST" skipped="0">
  <testcase classname="com.eBay.TesteBay" name="eBay" time="14.140"/>
  <system-out/>
</testsuite> <!-- com.eBay.TesteBay -->
