<?xml version="1.0" encoding="UTF-8"?>
<!-- Generated by org.testng.reporters.JUnitReportReporter -->
<testsuite hostname="Ashok" failures="0" tests="1" name="com.eBay.BusinessAccount" time="14.123" errors="0" timestamp="2022-02-15T14:58:53 IST" skipped="0">
  <testcase classname="com.eBay.BusinessAccount" name="business" time="14.123"/>
  <system-out/>
</testsuite> <!-- com.eBay.BusinessAccount -->
