<?xml version="1.0" encoding="UTF-8"?>
<!-- Generated by org.testng.reporters.JUnitReportReporter -->
<testsuite hostname="Ashok" failures="0" tests="1" name="com.eBay.PersonalAccUs" time="7.059" errors="0" timestamp="2022-02-17T10:29:12 IST" skipped="0">
  <testcase classname="com.eBay.PersonalAccUs" name="eBayUs" time="7.059"/>
  <system-out/>
</testsuite> <!-- com.eBay.PersonalAccUs -->
