<?xml version="1.0" encoding="UTF-8"?>
<!-- Generated by org.testng.reporters.JUnitReportReporter -->
<testsuite hostname="Ashok" failures="0" tests="1" name="com.eBay.PersonalAccount" time="32.419" errors="0" timestamp="2022-02-18T11:08:56 IST" skipped="0">
  <testcase classname="com.eBay.PersonalAccount" name="eBay" time="32.419"/>
  <system-out/>
</testsuite> <!-- com.eBay.PersonalAccount -->
