<?xml version="1.0" encoding="UTF-8"?>
<!-- Generated by org.testng.reporters.JUnitReportReporter -->
<testsuite hostname="Ashok" failures="0" tests="1" name="com.eBay.genericLib.BaseTest" time="1.737" errors="0" timestamp="2022-02-15T10:38:03 IST" skipped="0">
  <testcase classname="com.eBay.genericLib.BaseTest" name="openBrowser" time="1.737"/>
  <system-out/>
</testsuite> <!-- com.eBay.genericLib.BaseTest -->
