<?xml version="1.0" encoding="UTF-8"?>
<!-- Generated by org.testng.reporters.JUnitReportReporter -->
<testsuite hostname="Ashok" failures="0" tests="1" name="com.eBay.USeBayAcc" time="7.962" errors="0" timestamp="2022-02-17T11:07:42 IST" skipped="0">
  <testcase classname="com.eBay.USeBayAcc" name="eBayUS" time="7.962"/>
  <system-out/>
</testsuite> <!-- com.eBay.USeBayAcc -->
