<?xml version="1.0" encoding="UTF-8"?>
<!-- Generated by org.testng.reporters.JUnitReportReporter -->
<testsuite hostname="Ashok" failures="0" tests="1" name="com.eBay.LoginTest" time="23.553" errors="0" timestamp="2022-02-10T14:57:04 IST" skipped="0">
  <testcase classname="com.eBay.LoginTest" name="eBayLoginTest" time="23.553"/>
  <system-out>
eBay Home page is Displayed eBay sign page is Displayed SignIN is successful  </system-out>
</testsuite> <!-- com.eBay.LoginTest -->
